<?xml version="1.0" encoding="utf-8" standalone="no"?>
<!--This file represents the results of running a test suite-->
<test-results name="D:\Projects\TowerDefense\UnitTests\bin\Debug\UnitTests.dll" total="1" errors="1" failures="0" not-run="0" inconclusive="0" ignored="0" skipped="0" invalid="0" date="2011-04-20" time="18:01:18">
  <environment nunit-version="2.5.10.11092" clr-version="2.0.50727.5444" os-version="Microsoft Windows NT 6.1.7601 Service Pack 1" platform="Win32NT" cwd="C:\Program Files (x86)\NUnit 2.5.10\bin\net-2.0" machine-name="KOTEAKO" user="eugeniy" user-domain="koteako" />
  <culture-info current-culture="en-US" current-uiculture="en-US" />
  <test-suite type="Assembly" name="D:\Projects\TowerDefense\UnitTests\bin\Debug\UnitTests.dll" executed="True" result="Failure" success="False" time="0.088" asserts="0">
    <results>
      <test-suite type="Namespace" name="UnitTests" executed="True" result="Failure" success="False" time="0.066" asserts="0">
        <results>
          <test-suite type="TestFixture" name="GridTest" executed="True" result="Failure" success="False" time="0.062" asserts="0">
            <results>
              <test-case name="UnitTests.GridTest.CalculatingDistance" executed="True" result="Error" success="False" time="0.043" asserts="0">
                <failure>
                  <message><![CDATA[System.BadImageFormatException : Could not load file or assembly 'TowerDefense, Version=1.0.0.0, Culture=neutral, PublicKeyToken=null' or one of its dependencies. An attempt was made to load a program with an incorrect format.]]></message>
                  <stack-trace><![CDATA[at UnitTests.GridTest.CalculatingDistance()
]]></stack-trace>
                </failure>
              </test-case>
            </results>
          </test-suite>
        </results>
      </test-suite>
    </results>
  </test-suite>
</test-results>